<?xml version="1.0" encoding="UTF-8"?>
<testng-results skipped="0" failed="0" ignored="0" total="1" passed="1">
  <reporter-output>
  </reporter-output>
  <suite name="All Test Suite" duration-ms="2020" started-at="2019-09-18T04:36:34Z" finished-at="2019-09-18T04:36:36Z">
    <groups>
    </groups>
    <test name="CompanyControllTest" duration-ms="2020" started-at="2019-09-18T04:36:34Z" finished-at="2019-09-18T04:36:36Z">
      <class name="com.leepuvier.learn.controller.CompanyControllTest">
        <test-method status="PASS" signature="setUp()[pri:0, instance:com.leepuvier.learn.controller.CompanyControllTest@709ba3fb]" name="setUp" is-config="true" duration-ms="1842" started-at="2019-09-18T04:36:34Z" finished-at="2019-09-18T04:36:36Z">
          <reporter-output>
          </reporter-output>
        </test-method> <!-- setUp -->
        <test-method status="PASS" signature="getHello()[pri:0, instance:com.leepuvier.learn.controller.CompanyControllTest@709ba3fb]" name="getHello" duration-ms="146" started-at="2019-09-18T04:36:36Z" finished-at="2019-09-18T04:36:36Z">
          <reporter-output>
          </reporter-output>
        </test-method> <!-- getHello -->
      </class> <!-- com.leepuvier.learn.controller.CompanyControllTest -->
    </test> <!-- CompanyControllTest -->
  </suite> <!-- All Test Suite -->
</testng-results>
